<?xml version="1.0" encoding="UTF-8"?>
<!-- Generated by org.testng.reporters.JUnitXMLReporter -->
<testsuite hostname="DESKTOP-FFB7557" name="Chrome_Browser" tests="6" failures="0" timestamp="18 Jan 2019 12:40:48 GMT" time="47.069" errors="0">
  <testcase name="seliniumElements" time="11.151" classname="com.back.Functionaltests.WebDriverTest"/>
  <testcase name="seeVirement" time="3.128" classname="com.back.Functionaltests.WebDriverTest"/>
  <testcase name="AddVirement" time="9.9" classname="com.back.Functionaltests.WebDriverTest"/>
  <testcase name="seeRecharge" time="3.145" classname="com.back.Functionaltests.WebDriverTest"/>
  <testcase name="AddRecharge" time="9.816" classname="com.back.Functionaltests.WebDriverTest"/>
  <testcase name="déconnexion" time="6.156" classname="com.back.Functionaltests.WebDriverTest"/>
</testsuite> <!-- Chrome_Browser -->
