<?xml version="1.0" encoding="UTF-8"?>
<!-- Generated by org.testng.reporters.JUnitXMLReporter -->
<testsuite hostname="DESKTOP-FFB7557" name="FF_Browser" tests="6" failures="0" timestamp="18 Jan 2019 12:40:01 GMT" time="57.565" errors="0">
  <testcase name="seliniumElements" time="13.958" classname="com.back.Functionaltests.WebDriverTest"/>
  <testcase name="seeVirement" time="3.336" classname="com.back.Functionaltests.WebDriverTest"/>
  <testcase name="AddVirement" time="10.211" classname="com.back.Functionaltests.WebDriverTest"/>
  <testcase name="seeRecharge" time="3.32" classname="com.back.Functionaltests.WebDriverTest"/>
  <testcase name="AddRecharge" time="10.408" classname="com.back.Functionaltests.WebDriverTest"/>
  <testcase name="déconnexion" time="6.278" classname="com.back.Functionaltests.WebDriverTest"/>
</testsuite> <!-- FF_Browser -->
