<?xml version="1.0" encoding="UTF-8"?>
<!-- Generated by org.testng.reporters.JUnitXMLReporter -->
<testsuite hostname="DESKTOP-FFB7557" name="IE_Browser" tests="6" failures="0" timestamp="18 Jan 2019 12:39:03 GMT" time="0.497" errors="0">
  <testcase name="@BeforeTest openBrowser" time="0.0" classname="com.back.Functionaltests.WebDriverTest">
    <failure type="java.lang.NullPointerException">
      <![CDATA[java.lang.NullPointerException
	at com.back.Functionaltests.FunctionalTest.openBrowser(FunctionalTest.java:65)
... Removed 22 stack frames]]>
    </failure>
  </testcase> <!-- @BeforeTest openBrowser -->
  <testcase name="seliniumElements" time="0.002" classname="com.back.Functionaltests.WebDriverTest">
    <skipped/>
  </testcase> <!-- seliniumElements -->
  <testcase name="seeVirement" time="0.002" classname="com.back.Functionaltests.WebDriverTest">
    <skipped/>
  </testcase> <!-- seeVirement -->
  <testcase name="AddVirement" time="0.003" classname="com.back.Functionaltests.WebDriverTest">
    <skipped/>
  </testcase> <!-- AddVirement -->
  <testcase name="seeRecharge" time="0.005" classname="com.back.Functionaltests.WebDriverTest">
    <skipped/>
  </testcase> <!-- seeRecharge -->
  <testcase name="AddRecharge" time="0.003" classname="com.back.Functionaltests.WebDriverTest">
    <skipped/>
  </testcase> <!-- AddRecharge -->
  <testcase name="déconnexion" time="0.003" classname="com.back.Functionaltests.WebDriverTest">
    <skipped/>
  </testcase> <!-- déconnexion -->
</testsuite> <!-- IE_Browser -->
