<?xml version="1.0" encoding="UTF-8"?>
<testng-results skipped="6" failed="0" total="18" passed="12">
  <reporter-output>
  </reporter-output>
  <suite name="UserFunctionalTest" duration-ms="105171" started-at="2019-01-18T12:39:03Z" finished-at="2019-01-18T12:40:48Z">
    <groups>
    </groups>
    <test name="IE_Browser" duration-ms="497" started-at="2019-01-18T12:39:03Z" finished-at="2019-01-18T12:39:03Z">
      <class name="com.back.Functionaltests.WebDriverTest">
        <test-method status="FAIL" signature="openBrowser(java.lang.String)[pri:0, instance:com.back.Functionaltests.WebDriverTest@2758fe70]" name="openBrowser" is-config="true" duration-ms="0" started-at="2019-01-18T13:39:03Z" finished-at="2019-01-18T13:39:03Z">
          <params>
            <param index="0">
              <value>
                <![CDATA[iexplore]]>
              </value>
            </param>
          </params>
          <exception class="java.lang.NullPointerException">
            <full-stacktrace>
              <![CDATA[java.lang.NullPointerException
	at com.back.Functionaltests.FunctionalTest.openBrowser(FunctionalTest.java:65)
	at sun.reflect.NativeMethodAccessorImpl.invoke0(Native Method)
	at sun.reflect.NativeMethodAccessorImpl.invoke(Unknown Source)
	at sun.reflect.DelegatingMethodAccessorImpl.invoke(Unknown Source)
	at java.lang.reflect.Method.invoke(Unknown Source)
	at org.testng.internal.MethodInvocationHelper.invokeMethod(MethodInvocationHelper.java:80)
	at org.testng.internal.Invoker.invokeConfigurationMethod(Invoker.java:564)
	at org.testng.internal.Invoker.invokeConfigurations(Invoker.java:213)
	at org.testng.internal.Invoker.invokeConfigurations(Invoker.java:138)
	at org.testng.TestRunner.beforeRun(TestRunner.java:641)
	at org.testng.TestRunner.run(TestRunner.java:609)
	at org.testng.SuiteRunner.runTest(SuiteRunner.java:334)
	at org.testng.SuiteRunner.runSequentially(SuiteRunner.java:329)
	at org.testng.SuiteRunner.privateRun(SuiteRunner.java:291)
	at org.testng.SuiteRunner.run(SuiteRunner.java:240)
	at org.testng.SuiteRunnerWorker.runSuite(SuiteRunnerWorker.java:52)
	at org.testng.SuiteRunnerWorker.run(SuiteRunnerWorker.java:86)
	at org.testng.TestNG.runSuitesSequentially(TestNG.java:1198)
	at org.testng.TestNG.runSuitesLocally(TestNG.java:1123)
	at org.testng.TestNG.run(TestNG.java:1031)
	at org.testng.remote.AbstractRemoteTestNG.run(AbstractRemoteTestNG.java:114)
	at org.testng.remote.RemoteTestNG.initAndRun(RemoteTestNG.java:251)
	at org.testng.remote.RemoteTestNG.main(RemoteTestNG.java:77)
]]>
            </full-stacktrace>
          </exception> <!-- java.lang.NullPointerException -->
          <reporter-output>
          </reporter-output>
        </test-method> <!-- openBrowser -->
        <test-method status="SKIP" signature="seliniumElements()[pri:0, instance:com.back.Functionaltests.WebDriverTest@2758fe70]" name="seliniumElements" duration-ms="2" started-at="2019-01-18T13:39:03Z" finished-at="2019-01-18T13:39:03Z">
          <reporter-output>
          </reporter-output>
        </test-method> <!-- seliniumElements -->
        <test-method status="SKIP" signature="seeVirement()[pri:0, instance:com.back.Functionaltests.WebDriverTest@2758fe70]" name="seeVirement" duration-ms="2" started-at="2019-01-18T13:39:03Z" finished-at="2019-01-18T13:39:03Z">
          <reporter-output>
          </reporter-output>
        </test-method> <!-- seeVirement -->
        <test-method status="SKIP" signature="AddVirement()[pri:0, instance:com.back.Functionaltests.WebDriverTest@2758fe70]" name="AddVirement" duration-ms="3" started-at="2019-01-18T13:39:03Z" finished-at="2019-01-18T13:39:03Z">
          <reporter-output>
          </reporter-output>
        </test-method> <!-- AddVirement -->
        <test-method status="SKIP" signature="seeRecharge()[pri:0, instance:com.back.Functionaltests.WebDriverTest@2758fe70]" name="seeRecharge" duration-ms="5" started-at="2019-01-18T13:39:03Z" finished-at="2019-01-18T13:39:03Z">
          <reporter-output>
          </reporter-output>
        </test-method> <!-- seeRecharge -->
        <test-method status="SKIP" signature="AddRecharge()[pri:0, instance:com.back.Functionaltests.WebDriverTest@2758fe70]" name="AddRecharge" duration-ms="3" started-at="2019-01-18T13:39:03Z" finished-at="2019-01-18T13:39:03Z">
          <reporter-output>
          </reporter-output>
        </test-method> <!-- AddRecharge -->
        <test-method status="SKIP" signature="déconnexion()[pri:0, instance:com.back.Functionaltests.WebDriverTest@2758fe70]" name="déconnexion" duration-ms="3" started-at="2019-01-18T13:39:03Z" finished-at="2019-01-18T13:39:03Z">
          <reporter-output>
          </reporter-output>
        </test-method> <!-- déconnexion -->
      </class> <!-- com.back.Functionaltests.WebDriverTest -->
    </test> <!-- IE_Browser -->
    <test name="FF_Browser" duration-ms="57565" started-at="2019-01-18T12:39:03Z" finished-at="2019-01-18T12:40:01Z">
      <class name="com.back.Functionaltests.WebDriverTest">
        <test-method status="PASS" signature="openBrowser(java.lang.String)[pri:0, instance:com.back.Functionaltests.WebDriverTest@71bbf57e]" name="openBrowser" is-config="true" duration-ms="10027" started-at="2019-01-18T13:39:03Z" finished-at="2019-01-18T13:39:13Z">
          <params>
            <param index="0">
              <value>
                <![CDATA[firefox]]>
              </value>
            </param>
          </params>
          <reporter-output>
          </reporter-output>
        </test-method> <!-- openBrowser -->
        <test-method status="PASS" signature="seliniumElements()[pri:0, instance:com.back.Functionaltests.WebDriverTest@71bbf57e]" name="seliniumElements" duration-ms="13958" started-at="2019-01-18T13:39:13Z" finished-at="2019-01-18T13:39:27Z">
          <reporter-output>
          </reporter-output>
        </test-method> <!-- seliniumElements -->
        <test-method status="PASS" signature="seeVirement()[pri:0, instance:com.back.Functionaltests.WebDriverTest@71bbf57e]" name="seeVirement" duration-ms="3336" started-at="2019-01-18T13:39:27Z" finished-at="2019-01-18T13:39:31Z">
          <reporter-output>
          </reporter-output>
        </test-method> <!-- seeVirement -->
        <test-method status="PASS" signature="AddVirement()[pri:0, instance:com.back.Functionaltests.WebDriverTest@71bbf57e]" name="AddVirement" duration-ms="10211" started-at="2019-01-18T13:39:31Z" finished-at="2019-01-18T13:39:41Z">
          <reporter-output>
          </reporter-output>
        </test-method> <!-- AddVirement -->
        <test-method status="PASS" signature="seeRecharge()[pri:0, instance:com.back.Functionaltests.WebDriverTest@71bbf57e]" name="seeRecharge" duration-ms="3320" started-at="2019-01-18T13:39:41Z" finished-at="2019-01-18T13:39:44Z">
          <reporter-output>
          </reporter-output>
        </test-method> <!-- seeRecharge -->
        <test-method status="PASS" signature="AddRecharge()[pri:0, instance:com.back.Functionaltests.WebDriverTest@71bbf57e]" name="AddRecharge" duration-ms="10408" started-at="2019-01-18T13:39:44Z" finished-at="2019-01-18T13:39:55Z">
          <reporter-output>
          </reporter-output>
        </test-method> <!-- AddRecharge -->
        <test-method status="PASS" signature="déconnexion()[pri:0, instance:com.back.Functionaltests.WebDriverTest@71bbf57e]" name="déconnexion" duration-ms="6278" started-at="2019-01-18T13:39:55Z" finished-at="2019-01-18T13:40:01Z">
          <reporter-output>
          </reporter-output>
        </test-method> <!-- déconnexion -->
      </class> <!-- com.back.Functionaltests.WebDriverTest -->
    </test> <!-- FF_Browser -->
    <test name="Chrome_Browser" duration-ms="47069" started-at="2019-01-18T12:40:01Z" finished-at="2019-01-18T12:40:48Z">
      <class name="com.back.Functionaltests.WebDriverTest">
        <test-method status="PASS" signature="openBrowser(java.lang.String)[pri:0, instance:com.back.Functionaltests.WebDriverTest@64729b1e]" name="openBrowser" is-config="true" duration-ms="3759" started-at="2019-01-18T13:40:01Z" finished-at="2019-01-18T13:40:05Z">
          <params>
            <param index="0">
              <value>
                <![CDATA[chrome]]>
              </value>
            </param>
          </params>
          <reporter-output>
          </reporter-output>
        </test-method> <!-- openBrowser -->
        <test-method status="PASS" signature="seliniumElements()[pri:0, instance:com.back.Functionaltests.WebDriverTest@64729b1e]" name="seliniumElements" duration-ms="11151" started-at="2019-01-18T13:40:05Z" finished-at="2019-01-18T13:40:16Z">
          <reporter-output>
          </reporter-output>
        </test-method> <!-- seliniumElements -->
        <test-method status="PASS" signature="seeVirement()[pri:0, instance:com.back.Functionaltests.WebDriverTest@64729b1e]" name="seeVirement" duration-ms="3128" started-at="2019-01-18T13:40:16Z" finished-at="2019-01-18T13:40:19Z">
          <reporter-output>
          </reporter-output>
        </test-method> <!-- seeVirement -->
        <test-method status="PASS" signature="AddVirement()[pri:0, instance:com.back.Functionaltests.WebDriverTest@64729b1e]" name="AddVirement" duration-ms="9900" started-at="2019-01-18T13:40:19Z" finished-at="2019-01-18T13:40:29Z">
          <reporter-output>
          </reporter-output>
        </test-method> <!-- AddVirement -->
        <test-method status="PASS" signature="seeRecharge()[pri:0, instance:com.back.Functionaltests.WebDriverTest@64729b1e]" name="seeRecharge" duration-ms="3145" started-at="2019-01-18T13:40:29Z" finished-at="2019-01-18T13:40:32Z">
          <reporter-output>
          </reporter-output>
        </test-method> <!-- seeRecharge -->
        <test-method status="PASS" signature="AddRecharge()[pri:0, instance:com.back.Functionaltests.WebDriverTest@64729b1e]" name="AddRecharge" duration-ms="9816" started-at="2019-01-18T13:40:32Z" finished-at="2019-01-18T13:40:42Z">
          <reporter-output>
          </reporter-output>
        </test-method> <!-- AddRecharge -->
        <test-method status="PASS" signature="déconnexion()[pri:0, instance:com.back.Functionaltests.WebDriverTest@64729b1e]" name="déconnexion" duration-ms="6156" started-at="2019-01-18T13:40:42Z" finished-at="2019-01-18T13:40:48Z">
          <reporter-output>
          </reporter-output>
        </test-method> <!-- déconnexion -->
      </class> <!-- com.back.Functionaltests.WebDriverTest -->
    </test> <!-- Chrome_Browser -->
  </suite> <!-- UserFunctionalTest -->
</testng-results>
