<?xml version="1.0" encoding="UTF-8"?>
<testng-results skipped="1" failed="0" total="3" passed="2">
  <reporter-output>
  </reporter-output>
  <suite name="UserFunctionalTest" duration-ms="123422" started-at="2019-01-15T00:18:40Z" finished-at="2019-01-15T00:20:43Z">
    <groups>
    </groups>
    <test name="IE_Browser" duration-ms="15713" started-at="2019-01-15T00:18:40Z" finished-at="2019-01-15T00:18:56Z">
      <class name="com.back.Functionaltests.WebDriverTest">
        <test-method status="FAIL" signature="openBrowser(java.lang.String)[pri:0, instance:com.back.Functionaltests.WebDriverTest@2758fe70]" name="openBrowser" is-config="true" duration-ms="0" started-at="2019-01-15T01:18:40Z" finished-at="2019-01-15T01:18:40Z">
          <params>
            <param index="0">
              <value>
                <![CDATA[iexplore]]>
              </value>
            </param>
          </params>
          <exception class="org.openqa.selenium.SessionNotCreatedException">
            <message>
              <![CDATA[Unexpected error launching Internet Explorer. Browser zoom level was set to 105%. It should be set to 100%
Build info: version: '3.14.0', revision: 'aacccce0', time: '2018-08-02T20:19:58.91Z'
System info: host: 'DESKTOP-FFB7557', ip: '192.168.56.1', os.name: 'Windows 10', os.arch: 'amd64', os.version: '10.0', java.version: '1.8.0_144'
Driver info: driver.version: InternetExplorerDriver
remote stacktrace: ]]>
            </message>
            <full-stacktrace>
              <![CDATA[org.openqa.selenium.SessionNotCreatedException: Unexpected error launching Internet Explorer. Browser zoom level was set to 105%. It should be set to 100%
Build info: version: '3.14.0', revision: 'aacccce0', time: '2018-08-02T20:19:58.91Z'
System info: host: 'DESKTOP-FFB7557', ip: '192.168.56.1', os.name: 'Windows 10', os.arch: 'amd64', os.version: '10.0', java.version: '1.8.0_144'
Driver info: driver.version: InternetExplorerDriver
remote stacktrace: 
	at sun.reflect.NativeConstructorAccessorImpl.newInstance0(Native Method)
	at sun.reflect.NativeConstructorAccessorImpl.newInstance(Unknown Source)
	at sun.reflect.DelegatingConstructorAccessorImpl.newInstance(Unknown Source)
	at java.lang.reflect.Constructor.newInstance(Unknown Source)
	at org.openqa.selenium.remote.W3CHandshakeResponse.lambda$new$0(W3CHandshakeResponse.java:57)
	at org.openqa.selenium.remote.W3CHandshakeResponse.lambda$getResponseFunction$2(W3CHandshakeResponse.java:104)
	at org.openqa.selenium.remote.ProtocolHandshake.lambda$createSession$0(ProtocolHandshake.java:122)
	at java.util.stream.ReferencePipeline$3$1.accept(Unknown Source)
	at java.util.Spliterators$ArraySpliterator.tryAdvance(Unknown Source)
	at java.util.stream.ReferencePipeline.forEachWithCancel(Unknown Source)
	at java.util.stream.AbstractPipeline.copyIntoWithCancel(Unknown Source)
	at java.util.stream.AbstractPipeline.copyInto(Unknown Source)
	at java.util.stream.AbstractPipeline.wrapAndCopyInto(Unknown Source)
	at java.util.stream.FindOps$FindOp.evaluateSequential(Unknown Source)
	at java.util.stream.AbstractPipeline.evaluate(Unknown Source)
	at java.util.stream.ReferencePipeline.findFirst(Unknown Source)
	at org.openqa.selenium.remote.ProtocolHandshake.createSession(ProtocolHandshake.java:125)
	at org.openqa.selenium.remote.ProtocolHandshake.createSession(ProtocolHandshake.java:73)
	at org.openqa.selenium.remote.HttpCommandExecutor.execute(HttpCommandExecutor.java:136)
	at org.openqa.selenium.remote.service.DriverCommandExecutor.execute(DriverCommandExecutor.java:83)
	at org.openqa.selenium.remote.RemoteWebDriver.execute(RemoteWebDriver.java:548)
	at org.openqa.selenium.remote.RemoteWebDriver.startSession(RemoteWebDriver.java:212)
	at org.openqa.selenium.ie.InternetExplorerDriver.run(InternetExplorerDriver.java:221)
	at org.openqa.selenium.ie.InternetExplorerDriver.<init>(InternetExplorerDriver.java:213)
	at org.openqa.selenium.ie.InternetExplorerDriver.<init>(InternetExplorerDriver.java:150)
	at com.back.Functionaltests.FunctionalTest.openBrowser(FunctionalTest.java:45)
	at sun.reflect.NativeMethodAccessorImpl.invoke0(Native Method)
	at sun.reflect.NativeMethodAccessorImpl.invoke(Unknown Source)
	at sun.reflect.DelegatingMethodAccessorImpl.invoke(Unknown Source)
	at java.lang.reflect.Method.invoke(Unknown Source)
	at org.testng.internal.MethodInvocationHelper.invokeMethod(MethodInvocationHelper.java:80)
	at org.testng.internal.Invoker.invokeConfigurationMethod(Invoker.java:564)
	at org.testng.internal.Invoker.invokeConfigurations(Invoker.java:213)
	at org.testng.internal.Invoker.invokeConfigurations(Invoker.java:138)
	at org.testng.TestRunner.beforeRun(TestRunner.java:641)
	at org.testng.TestRunner.run(TestRunner.java:609)
	at org.testng.SuiteRunner.runTest(SuiteRunner.java:334)
	at org.testng.SuiteRunner.runSequentially(SuiteRunner.java:329)
	at org.testng.SuiteRunner.privateRun(SuiteRunner.java:291)
	at org.testng.SuiteRunner.run(SuiteRunner.java:240)
	at org.testng.SuiteRunnerWorker.runSuite(SuiteRunnerWorker.java:52)
	at org.testng.SuiteRunnerWorker.run(SuiteRunnerWorker.java:86)
	at org.testng.TestNG.runSuitesSequentially(TestNG.java:1198)
	at org.testng.TestNG.runSuitesLocally(TestNG.java:1123)
	at org.testng.TestNG.run(TestNG.java:1031)
	at org.testng.remote.AbstractRemoteTestNG.run(AbstractRemoteTestNG.java:114)
	at org.testng.remote.RemoteTestNG.initAndRun(RemoteTestNG.java:251)
	at org.testng.remote.RemoteTestNG.main(RemoteTestNG.java:77)
]]>
            </full-stacktrace>
          </exception> <!-- org.openqa.selenium.SessionNotCreatedException -->
          <reporter-output>
          </reporter-output>
        </test-method> <!-- openBrowser -->
        <test-method status="SKIP" signature="seliniumElements()[pri:0, instance:com.back.Functionaltests.WebDriverTest@2758fe70]" name="seliniumElements" duration-ms="5" started-at="2019-01-15T01:18:56Z" finished-at="2019-01-15T01:18:56Z">
          <reporter-output>
          </reporter-output>
        </test-method> <!-- seliniumElements -->
      </class> <!-- com.back.Functionaltests.WebDriverTest -->
    </test> <!-- IE_Browser -->
    <test name="FF_Browser" duration-ms="63143" started-at="2019-01-15T00:18:56Z" finished-at="2019-01-15T00:19:59Z">
      <class name="com.back.Functionaltests.WebDriverTest">
        <test-method status="PASS" signature="openBrowser(java.lang.String)[pri:0, instance:com.back.Functionaltests.WebDriverTest@71bbf57e]" name="openBrowser" is-config="true" duration-ms="34311" started-at="2019-01-15T01:18:56Z" finished-at="2019-01-15T01:19:30Z">
          <params>
            <param index="0">
              <value>
                <![CDATA[firefox]]>
              </value>
            </param>
          </params>
          <reporter-output>
          </reporter-output>
        </test-method> <!-- openBrowser -->
        <test-method status="PASS" signature="seliniumElements()[pri:0, instance:com.back.Functionaltests.WebDriverTest@71bbf57e]" name="seliniumElements" duration-ms="28823" started-at="2019-01-15T01:19:30Z" finished-at="2019-01-15T01:19:59Z">
          <reporter-output>
          </reporter-output>
        </test-method> <!-- seliniumElements -->
      </class> <!-- com.back.Functionaltests.WebDriverTest -->
    </test> <!-- FF_Browser -->
    <test name="Chrome_Browser" duration-ms="44406" started-at="2019-01-15T00:19:59Z" finished-at="2019-01-15T00:20:43Z">
      <class name="com.back.Functionaltests.WebDriverTest">
        <test-method status="PASS" signature="openBrowser(java.lang.String)[pri:0, instance:com.back.Functionaltests.WebDriverTest@64729b1e]" name="openBrowser" is-config="true" duration-ms="22574" started-at="2019-01-15T01:19:59Z" finished-at="2019-01-15T01:20:22Z">
          <params>
            <param index="0">
              <value>
                <![CDATA[chrome]]>
              </value>
            </param>
          </params>
          <reporter-output>
          </reporter-output>
        </test-method> <!-- openBrowser -->
        <test-method status="PASS" signature="seliniumElements()[pri:0, instance:com.back.Functionaltests.WebDriverTest@64729b1e]" name="seliniumElements" duration-ms="21824" started-at="2019-01-15T01:20:22Z" finished-at="2019-01-15T01:20:43Z">
          <reporter-output>
          </reporter-output>
        </test-method> <!-- seliniumElements -->
      </class> <!-- com.back.Functionaltests.WebDriverTest -->
    </test> <!-- Chrome_Browser -->
  </suite> <!-- UserFunctionalTest -->
</testng-results>
